<?xml version="1.0" encoding="UTF-8"?>
<testng-results skipped="0" failed="0" total="0" passed="0">
  <reporter-output>
  </reporter-output>
  <suite name="Default suite" duration-ms="355" started-at="2018-01-25T07:04:10Z" finished-at="2018-01-25T07:04:10Z">
    <groups>
    </groups>
    <test name="Default test" duration-ms="355" started-at="2018-01-25T07:04:10Z" finished-at="2018-01-25T07:04:10Z">
      <class name="com.api.demo.RestApi.GenerateExtentReport">
        <test-method status="PASS" signature="startReport()[pri:0, instance:com.api.demo.RestApi.GenerateExtentReport@1fbc7afb]" name="startReport" is-config="true" duration-ms="349" started-at="2018-01-25T12:34:10Z" finished-at="2018-01-25T12:34:10Z">
          <reporter-output>
          </reporter-output>
        </test-method> <!-- startReport -->
      </class> <!-- com.api.demo.RestApi.GenerateExtentReport -->
    </test> <!-- Default test -->
  </suite> <!-- Default suite -->
</testng-results>
